<?xml version="1.0" encoding="UTF-8"?>
<!-- Generated by org.testng.reporters.JUnitReportReporter -->
<testsuite hostname="DESKTOP-0RE3VLS" failures="0" tests="4" name="Test_Layer.Login_Test" time="19.630" errors="0" timestamp="2022-03-30T11:12:22 EDT" skipped="0">
  <testcase classname="Test_Layer.Login_Test" name="Title" time="2.233"/>
  <system-out/>
  <testcase classname="Test_Layer.Login_Test" name="Login" time="5.557"/>
  <system-out/>
  <testcase classname="Test_Layer.Login_Test" name="Login" time="5.694"/>
  <system-out/>
  <testcase classname="Test_Layer.Login_Test" name="Login" time="6.146"/>
  <system-out/>
</testsuite> <!-- Test_Layer.Login_Test -->
